2021-01-16 14:32:59,726 INFO  [org.jboss.modules] (main) JBoss Modules version 1.10.2.Final
2021-01-16 14:33:08,566 INFO  [org.jboss.msc] (main) JBoss MSC version 1.4.12.Final
2021-01-16 14:33:08,588 INFO  [org.jboss.threads] (main) JBoss Threads version 2.4.0.Final
2021-01-16 14:33:09,036 INFO  [org.jboss.as] (MSC service thread 1-2) WFLYSRV0049: Keycloak 12.0.1 (WildFly Core 13.0.3.Final) starting
2021-01-16 14:33:09,043 DEBUG [org.jboss.as.config] (MSC service thread 1-2) Configured system properties:
	awt.toolkit = sun.awt.windows.WToolkit
	file.encoding = Cp1252
	file.separator = \
	java.awt.graphicsenv = sun.awt.Win32GraphicsEnvironment
	java.class.path = E:\keycloak-12.0.1\jboss-modules.jar
	java.class.version = 56.0
	java.home = C:\Users\789\Downloads\openjdk-12.0.2_windows-x64_bin\Java\jdk-12.0.2
	java.io.tmpdir = C:\Users\789\AppData\Local\Temp\
	java.library.path = C:\Users\789\Downloads\openjdk-12.0.2_windows-x64_bin\Java\jdk-12.0.2\bin;C:\Windows\Sun\Java\bin;C:\Windows\system32;C:\Windows;C:\Program Files (x86)\Common Files\Oracle\Java\javapath;C:\Windows\system32;C:\Windows;C:\Windows\System32\Wbem;C:\Windows\System32\WindowsPowerShell\v1.0\;C:\Windows\System32\OpenSSH\;C:\Program Files\PuTTY\;C:\Program Files\nodejs\;E:\apache-maven-3.6.3-bin\apache-maven-3.6.3\bin;C:\Program Files\Docker\Docker\resources\bin;C:\ProgramData\DockerDesktop\version-bin;C:\Program Files\MySQL\MySQL Server 8.0\bin;C:\Program Files\apache-maven-3.6.3\bin;C:\Program Files\Java\jdk1.8.0_271\bin;C:\Gradle\gradle-6.8\bin;C:\Users\789\AppData\Local\Microsoft\WindowsApps;C:\Users\789\AppData\Local\Programs\Microsoft VS Code\bin;C:\Users\789\AppData\Local\atom\bin;C:\Users\789\AppData\Roaming\npm;C:\Users\789\AppData\Local\Programs\Git\cmd;E:\apache-maven-3.6.3\bin;;.
	java.net.preferIPv4Stack = true
	java.runtime.name = OpenJDK Runtime Environment
	java.runtime.version = 12.0.2+10
	java.specification.name = Java Platform API Specification
	java.specification.vendor = Oracle Corporation
	java.specification.version = 12
	java.util.logging.manager = org.jboss.logmanager.LogManager
	java.vendor = Oracle Corporation
	java.vendor.url = https://java.oracle.com/
	java.vendor.url.bug = https://bugreport.java.com/bugreport/
	java.version = 12.0.2
	java.version.date = 2019-07-16
	java.vm.compressedOopsMode = 32-bit
	java.vm.info = mixed mode, sharing
	java.vm.name = OpenJDK 64-Bit Server VM
	java.vm.specification.name = Java Virtual Machine Specification
	java.vm.specification.vendor = Oracle Corporation
	java.vm.specification.version = 12
	java.vm.vendor = Oracle Corporation
	java.vm.version = 12.0.2+10
	javax.management.builder.initial = org.jboss.as.jmx.PluggableMBeanServerBuilder
	jboss.home.dir = E:\keycloak-12.0.1
	jboss.host.name = nglap-789
	jboss.modules.dir = E:\keycloak-12.0.1\modules
	jboss.modules.system.pkgs = org.jboss.byteman
	jboss.node.name = nglap-789
	jboss.qualified.host.name = nglap-789
	jboss.server.base.dir = E:\keycloak-12.0.1\standalone
	jboss.server.config.dir = E:\keycloak-12.0.1\standalone\configuration
	jboss.server.data.dir = E:\keycloak-12.0.1\standalone\data
	jboss.server.deploy.dir = E:\keycloak-12.0.1\standalone\data\content
	jboss.server.log.dir = E:\keycloak-12.0.1\standalone\log
	jboss.server.name = nglap-789
	jboss.server.persist.config = true
	jboss.server.temp.dir = E:\keycloak-12.0.1\standalone\tmp
	jdk.debug = release
	line.separator = 

	logging.configuration = file:E:\keycloak-12.0.1\standalone\configuration/logging.properties
	module.path = E:\keycloak-12.0.1\modules
	org.jboss.boot.log.file = E:\keycloak-12.0.1\standalone\log\server.log
	org.jboss.resolver.warning = true
	os.arch = amd64
	os.name = Windows 10
	os.version = 10.0
	path.separator = ;
	program.name = standalone.bat
	sun.arch.data.model = 64
	sun.boot.library.path = C:\Users\789\Downloads\openjdk-12.0.2_windows-x64_bin\Java\jdk-12.0.2\bin
	sun.cpu.endian = little
	sun.cpu.isalist = amd64
	sun.desktop = windows
	sun.io.unicode.encoding = UnicodeLittle
	sun.java.command = E:\keycloak-12.0.1\jboss-modules.jar -mp E:\keycloak-12.0.1\modules org.jboss.as.standalone -Djboss.home.dir=E:\keycloak-12.0.1
	sun.java.launcher = SUN_STANDARD
	sun.jnu.encoding = Cp1252
	sun.management.compiler = HotSpot 64-Bit Tiered Compilers
	sun.os.patch.level = 
	sun.stderr.encoding = cp437
	sun.stdout.encoding = cp437
	user.country = IN
	user.dir = E:\keycloak-12.0.1\bin
	user.home = C:\Users\789
	user.language = en
	user.name = 789
	user.script = 
	user.timezone = Asia/Calcutta
	user.variant = 
2021-01-16 14:33:09,072 DEBUG [org.jboss.as.config] (MSC service thread 1-2) VM Arguments: -Dprogram.name=standalone.bat -Xms64M -Xmx512M -XX:MetaspaceSize=96M -XX:MaxMetaspaceSize=256m -Djava.net.preferIPv4Stack=true -Djboss.modules.system.pkgs=org.jboss.byteman --add-exports=java.base/sun.nio.ch=ALL-UNNAMED --add-exports=jdk.unsupported/sun.misc=ALL-UNNAMED --add-exports=jdk.unsupported/sun.reflect=ALL-UNNAMED -Dorg.jboss.boot.log.file=E:\keycloak-12.0.1\standalone\log\server.log -Dlogging.configuration=file:E:\keycloak-12.0.1\standalone\configuration/logging.properties 
2021-01-16 14:33:14,994 INFO  [org.wildfly.security] (ServerService Thread Pool -- 20) ELY00001: WildFly Elytron version 1.13.1.Final
2021-01-16 14:33:25,684 INFO  [org.jboss.as.controller.management-deprecated] (Controller Boot Thread) WFLYCTL0028: Attribute 'security-realm' in the resource at address '/core-service=management/management-interface=http-interface' is deprecated, and may be removed in a future version. See the attribute description in the output of the read-resource-description operation to learn more about the deprecation.
2021-01-16 14:33:25,918 INFO  [org.jboss.as.controller.management-deprecated] (ServerService Thread Pool -- 8) WFLYCTL0028: Attribute 'security-realm' in the resource at address '/subsystem=undertow/server=default-server/https-listener=https' is deprecated, and may be removed in a future version. See the attribute description in the output of the read-resource-description operation to learn more about the deprecation.
2021-01-16 14:33:28,654 INFO  [org.jboss.as.server] (Controller Boot Thread) WFLYSRV0039: Creating http management service using socket-binding (management-http)
2021-01-16 14:33:28,829 INFO  [org.xnio] (MSC service thread 1-5) XNIO version 3.8.2.Final
2021-01-16 14:33:28,863 INFO  [org.xnio.nio] (MSC service thread 1-5) XNIO NIO Implementation Version 3.8.2.Final
2021-01-16 14:33:29,094 INFO  [org.jboss.as.clustering.infinispan] (ServerService Thread Pool -- 37) WFLYCLINF0001: Activating Infinispan subsystem.
2021-01-16 14:33:29,157 INFO  [org.wildfly.extension.microprofile.config.smallrye._private] (ServerService Thread Pool -- 45) WFLYCONF0001: Activating WildFly MicroProfile Config Subsystem
2021-01-16 14:33:29,182 INFO  [org.jboss.as.security] (ServerService Thread Pool -- 51) WFLYSEC0002: Activating Security Subsystem
2021-01-16 14:33:29,184 INFO  [org.wildfly.extension.microprofile.health.smallrye] (ServerService Thread Pool -- 46) WFLYHEALTH0001: Activating Eclipse MicroProfile Health Subsystem
2021-01-16 14:33:29,129 WARN  [org.jboss.as.txn] (ServerService Thread Pool -- 53) WFLYTX0013: The node-identifier attribute on the /subsystem=transactions is set to the default value. This is a danger for environments running multiple servers. Please make sure the attribute value is unique.
2021-01-16 14:33:29,211 INFO  [org.wildfly.extension.microprofile.metrics.smallrye] (ServerService Thread Pool -- 47) WFLYMETRICS0001: Activating Eclipse MicroProfile Metrics Subsystem
2021-01-16 14:33:29,389 INFO  [org.jboss.as.naming] (ServerService Thread Pool -- 48) WFLYNAM0001: Activating Naming Subsystem
2021-01-16 14:33:29,420 INFO  [org.wildfly.extension.io] (ServerService Thread Pool -- 38) WFLYIO001: Worker 'default' has auto-configured to 8 IO threads with 64 max task threads based on your 4 available processors
2021-01-16 14:33:29,546 INFO  [org.jboss.as.security] (MSC service thread 1-4) WFLYSEC0001: Current PicketBox version=5.0.3.Final-redhat-00006
2021-01-16 14:33:29,565 INFO  [org.jboss.as.connector] (MSC service thread 1-6) WFLYJCA0009: Starting JCA Subsystem (WildFly/IronJacamar 1.4.23.Final)
2021-01-16 14:33:29,984 INFO  [org.wildfly.extension.undertow] (MSC service thread 1-6) WFLYUT0003: Undertow 2.2.2.Final starting
2021-01-16 14:33:30,057 INFO  [org.jboss.as.connector.subsystems.datasources] (ServerService Thread Pool -- 32) WFLYJCA0004: Deploying JDBC-compliant driver class org.h2.Driver (version 1.4)
2021-01-16 14:33:30,297 WARN  [org.wildfly.clustering.web.undertow] (ServerService Thread Pool -- 54) WFLYCLWEBUT0007: No routing provider found for default-server; using legacy provider based on static configuration
2021-01-16 14:33:30,595 INFO  [org.jboss.as.connector.deployers.jdbc] (MSC service thread 1-3) WFLYJCA0018: Started Driver service with driver-name = h2
2021-01-16 14:33:30,723 INFO  [org.jboss.remoting] (MSC service thread 1-6) JBoss Remoting version 5.0.19.Final
2021-01-16 14:33:30,907 INFO  [org.jboss.as.naming] (MSC service thread 1-3) WFLYNAM0003: Starting Naming Service
2021-01-16 14:33:31,203 INFO  [org.wildfly.extension.undertow] (ServerService Thread Pool -- 54) WFLYUT0014: Creating file handler for path 'E:\keycloak-12.0.1/welcome-content' with options [directory-listing: 'false', follow-symlink: 'false', case-sensitive: 'true', safe-symlink-paths: '[]']
2021-01-16 14:33:31,282 INFO  [org.jboss.as.mail.extension] (MSC service thread 1-8) WFLYMAIL0001: Bound mail session [java:jboss/mail/Default]
2021-01-16 14:33:31,767 INFO  [org.jboss.as.ejb3] (MSC service thread 1-7) WFLYEJB0482: Strict pool mdb-strict-max-pool is using a max instance size of 16 (per class), which is derived from the number of CPUs on this host.
2021-01-16 14:33:31,771 INFO  [org.jboss.as.ejb3] (MSC service thread 1-8) WFLYEJB0481: Strict pool slsb-strict-max-pool is using a max instance size of 64 (per class), which is derived from thread worker pool sizing.
2021-01-16 14:33:31,787 INFO  [org.wildfly.extension.undertow] (MSC service thread 1-6) WFLYUT0012: Started server default-server.
2021-01-16 14:33:32,011 INFO  [org.wildfly.extension.undertow] (MSC service thread 1-5) WFLYUT0018: Host default-host starting
2021-01-16 14:33:32,626 INFO  [org.jboss.as.jaxrs] (ServerService Thread Pool -- 39) WFLYRS0016: RESTEasy version 3.13.2.Final
2021-01-16 14:33:32,967 INFO  [org.wildfly.extension.undertow] (MSC service thread 1-1) WFLYUT0006: Undertow HTTP listener default listening on 127.0.0.1:8080
2021-01-16 14:33:33,583 INFO  [org.jboss.as.ejb3] (MSC service thread 1-6) WFLYEJB0493: EJB subsystem suspension complete
2021-01-16 14:33:33,820 INFO  [org.jboss.as.connector.subsystems.datasources] (MSC service thread 1-3) WFLYJCA0001: Bound data source [java:jboss/datasources/KeycloakDS]
2021-01-16 14:33:33,821 INFO  [org.jboss.as.connector.subsystems.datasources] (MSC service thread 1-4) WFLYJCA0001: Bound data source [java:jboss/datasources/ExampleDS]
2021-01-16 14:33:36,924 INFO  [org.jboss.as.patching] (MSC service thread 1-6) WFLYPAT0050: Keycloak cumulative patch ID is: base, one-off patches include: none
2021-01-16 14:33:37,002 WARN  [org.jboss.as.domain.management.security] (MSC service thread 1-8) WFLYDM0111: Keystore E:\keycloak-12.0.1\standalone\configuration\application.keystore not found, it will be auto generated on first use with a self signed certificate for host localhost
2021-01-16 14:33:37,013 INFO  [org.jboss.as.server.deployment.scanner] (MSC service thread 1-7) WFLYDS0013: Started FileSystemDeploymentService for directory E:\keycloak-12.0.1\standalone\deployments
2021-01-16 14:33:37,107 INFO  [org.jboss.as.server.deployment] (MSC service thread 1-2) WFLYSRV0027: Starting deployment of "keycloak-server.war" (runtime-name: "keycloak-server.war")
2021-01-16 14:33:37,107 INFO  [org.jboss.as.server.deployment] (MSC service thread 1-4) WFLYSRV0027: Starting deployment of "keycloak-user-store-1.0.0-SNAPSHOT.jar" (runtime-name: "keycloak-user-store-1.0.0-SNAPSHOT.jar")
2021-01-16 14:33:38,468 INFO  [org.wildfly.extension.undertow] (MSC service thread 1-3) WFLYUT0006: Undertow HTTPS listener https listening on 127.0.0.1:8443
2021-01-16 14:33:45,596 INFO  [org.infinispan.CONTAINER] (ServerService Thread Pool -- 58) ISPN000128: Infinispan version: Infinispan 'Corona Extra' 11.0.4.Final
2021-01-16 14:33:46,118 INFO  [org.infinispan.CONFIG] (MSC service thread 1-1) ISPN000152: Passivation configured without an eviction policy being selected. Only manually evicted entities will be passivated.
2021-01-16 14:33:46,175 INFO  [org.infinispan.CONFIG] (MSC service thread 1-1) ISPN000152: Passivation configured without an eviction policy being selected. Only manually evicted entities will be passivated.
2021-01-16 14:33:46,447 INFO  [org.infinispan.PERSISTENCE] (ServerService Thread Pool -- 58) ISPN000556: Starting user marshaller 'org.wildfly.clustering.infinispan.marshalling.jboss.JBossMarshaller'
2021-01-16 14:33:46,441 INFO  [org.infinispan.PERSISTENCE] (ServerService Thread Pool -- 57) ISPN000556: Starting user marshaller 'org.wildfly.clustering.infinispan.spi.marshalling.InfinispanProtoStreamMarshaller'
2021-01-16 14:33:47,382 INFO  [org.jboss.as.clustering.infinispan] (ServerService Thread Pool -- 57) WFLYCLINF0002: Started http-remoting-connector cache from ejb container
2021-01-16 14:33:47,464 INFO  [org.jboss.as.clustering.infinispan] (ServerService Thread Pool -- 58) WFLYCLINF0002: Started offlineSessions cache from keycloak container
2021-01-16 14:33:47,470 INFO  [org.jboss.as.clustering.infinispan] (ServerService Thread Pool -- 59) WFLYCLINF0002: Started authenticationSessions cache from keycloak container
2021-01-16 14:33:47,472 INFO  [org.jboss.as.clustering.infinispan] (ServerService Thread Pool -- 67) WFLYCLINF0002: Started actionTokens cache from keycloak container
2021-01-16 14:33:47,472 INFO  [org.jboss.as.clustering.infinispan] (ServerService Thread Pool -- 66) WFLYCLINF0002: Started clientSessions cache from keycloak container
2021-01-16 14:33:47,475 INFO  [org.jboss.as.clustering.infinispan] (ServerService Thread Pool -- 69) WFLYCLINF0002: Started work cache from keycloak container
2021-01-16 14:33:47,481 INFO  [org.jboss.as.clustering.infinispan] (ServerService Thread Pool -- 60) WFLYCLINF0002: Started loginFailures cache from keycloak container
2021-01-16 14:33:47,484 INFO  [org.jboss.as.clustering.infinispan] (ServerService Thread Pool -- 63) WFLYCLINF0002: Started offlineClientSessions cache from keycloak container
2021-01-16 14:33:47,484 INFO  [org.jboss.as.clustering.infinispan] (ServerService Thread Pool -- 65) WFLYCLINF0002: Started sessions cache from keycloak container
2021-01-16 14:33:47,643 INFO  [org.jboss.as.clustering.infinispan] (ServerService Thread Pool -- 62) WFLYCLINF0002: Started keys cache from keycloak container
2021-01-16 14:33:47,645 INFO  [org.jboss.as.clustering.infinispan] (ServerService Thread Pool -- 61) WFLYCLINF0002: Started authorization cache from keycloak container
2021-01-16 14:33:47,647 INFO  [org.jboss.as.clustering.infinispan] (ServerService Thread Pool -- 64) WFLYCLINF0002: Started realms cache from keycloak container
2021-01-16 14:33:47,671 INFO  [org.jboss.as.clustering.infinispan] (ServerService Thread Pool -- 68) WFLYCLINF0002: Started users cache from keycloak container
2021-01-16 14:33:48,239 INFO  [org.keycloak.subsystem.server.extension.KeycloakProviderDeploymentProcessor] (MSC service thread 1-7) Deploying Keycloak provider: keycloak-user-store-1.0.0-SNAPSHOT.jar
2021-01-16 14:33:48,463 INFO  [org.jboss.as.connector.deployers.jdbc] (MSC service thread 1-3) WFLYJCA0005: Deploying non-JDBC-compliant driver class com.mysql.cj.jdbc.Driver (version 8.0)
2021-01-16 14:33:48,630 WARN  [org.jboss.weld.deployer] (MSC service thread 1-3) WFLYWELD0013: Deployment keycloak-user-store-1.0.0-SNAPSHOT.jar contains CDI annotations but no bean archive was found (no beans.xml or class with bean defining annotations was present).
2021-01-16 14:33:49,052 INFO  [org.jboss.as.connector.deployers.jdbc] (MSC service thread 1-3) WFLYJCA0018: Started Driver service with driver-name = keycloak-user-store-1.0.0-SNAPSHOT.jar
2021-01-16 14:33:51,800 WARN  [org.jboss.as.server.deployment] (MSC service thread 1-2) WFLYSRV0273: Excluded subsystem webservices via jboss-deployment-structure.xml does not exist.
2021-01-16 14:33:54,584 INFO  [org.keycloak.services] (ServerService Thread Pool -- 61) KC-SERVICES0001: Loading config from standalone.xml or domain.xml
2021-01-16 14:33:55,295 INFO  [org.keycloak.url.DefaultHostnameProviderFactory] (ServerService Thread Pool -- 61) Frontend: <request>, Admin: <frontend>, Backend: <request>
2021-01-16 14:33:58,897 WARN  [org.infinispan.encoding.impl.StorageConfigurationManager] (ServerService Thread Pool -- 61) ISPN000599: Configuration for cache 'realmRevisions' does not define the encoding for keys or values. If you use operations that require data conversion or queries, you should configure the cache with a specific MediaType for keys or values.
2021-01-16 14:33:58,910 INFO  [org.jboss.as.clustering.infinispan] (ServerService Thread Pool -- 61) WFLYCLINF0002: Started realmRevisions cache from keycloak container
2021-01-16 14:33:58,923 WARN  [org.infinispan.encoding.impl.StorageConfigurationManager] (ServerService Thread Pool -- 61) ISPN000599: Configuration for cache 'userRevisions' does not define the encoding for keys or values. If you use operations that require data conversion or queries, you should configure the cache with a specific MediaType for keys or values.
2021-01-16 14:33:58,930 INFO  [org.jboss.as.clustering.infinispan] (ServerService Thread Pool -- 61) WFLYCLINF0002: Started userRevisions cache from keycloak container
2021-01-16 14:33:58,933 WARN  [org.infinispan.encoding.impl.StorageConfigurationManager] (ServerService Thread Pool -- 61) ISPN000599: Configuration for cache 'authorizationRevisions' does not define the encoding for keys or values. If you use operations that require data conversion or queries, you should configure the cache with a specific MediaType for keys or values.
2021-01-16 14:33:58,943 INFO  [org.jboss.as.clustering.infinispan] (ServerService Thread Pool -- 61) WFLYCLINF0002: Started authorizationRevisions cache from keycloak container
2021-01-16 14:33:58,948 INFO  [org.keycloak.connections.infinispan.DefaultInfinispanConnectionProviderFactory] (ServerService Thread Pool -- 61) Node name: nglap-789, Site name: null
2021-01-16 14:34:06,519 INFO  [org.keycloak.connections.jpa.DefaultJpaConnectionProviderFactory] (ServerService Thread Pool -- 61) Database info: {databaseUrl=jdbc:h2:E:\keycloak-12.0.1\standalone\data/keycloak, databaseUser=SA, databaseProduct=H2 1.4.197 (2018-03-18), databaseDriver=H2 JDBC Driver 1.4.197 (2018-03-18)}
2021-01-16 14:34:14,511 INFO  [org.hibernate.jpa.internal.util.LogHelper] (ServerService Thread Pool -- 61) HHH000204: Processing PersistenceUnitInfo [
	name: keycloak-default
	...]
2021-01-16 14:34:15,744 INFO  [org.hibernate.Version] (ServerService Thread Pool -- 61) HHH000412: Hibernate Core {5.3.20.Final}
2021-01-16 14:34:15,804 INFO  [org.hibernate.cfg.Environment] (ServerService Thread Pool -- 61) HHH000206: hibernate.properties not found
2021-01-16 14:34:17,312 INFO  [org.hibernate.annotations.common.Version] (ServerService Thread Pool -- 61) HCANN000001: Hibernate Commons Annotations {5.0.5.Final}
2021-01-16 14:34:18,651 INFO  [org.hibernate.dialect.Dialect] (ServerService Thread Pool -- 61) HHH000400: Using dialect: org.hibernate.dialect.H2Dialect
2021-01-16 14:34:18,721 WARN  [org.hibernate.dialect.H2Dialect] (ServerService Thread Pool -- 61) HHH000431: Unable to determine H2 database version, certain features may not work
2021-01-16 14:34:18,996 INFO  [org.hibernate.envers.boot.internal.EnversServiceImpl] (ServerService Thread Pool -- 61) Envers integration enabled? : true
2021-01-16 14:34:21,854 INFO  [org.hibernate.orm.beans] (ServerService Thread Pool -- 61) HHH10005002: No explicit CDI BeanManager reference was passed to Hibernate, but CDI is available on the Hibernate ClassLoader.
2021-01-16 14:34:22,458 INFO  [org.hibernate.validator.internal.util.Version] (ServerService Thread Pool -- 61) HV000001: Hibernate Validator 6.0.21.Final
2021-01-16 14:34:30,802 INFO  [org.hibernate.hql.internal.QueryTranslatorFactoryInitiator] (ServerService Thread Pool -- 61) HHH000397: Using ASTQueryTranslatorFactory
2021-01-16 14:34:38,889 INFO  [org.jboss.resteasy.resteasy_jaxrs.i18n] (ServerService Thread Pool -- 61) RESTEASY002225: Deploying javax.ws.rs.core.Application: class org.keycloak.services.resources.KeycloakApplication
2021-01-16 14:34:38,903 INFO  [org.jboss.resteasy.resteasy_jaxrs.i18n] (ServerService Thread Pool -- 61) RESTEASY002200: Adding class resource org.keycloak.services.resources.JsResource from Application class org.keycloak.services.resources.KeycloakApplication
2021-01-16 14:34:38,924 INFO  [org.jboss.resteasy.resteasy_jaxrs.i18n] (ServerService Thread Pool -- 61) RESTEASY002205: Adding provider class org.keycloak.services.error.KeycloakErrorHandler from Application class org.keycloak.services.resources.KeycloakApplication
2021-01-16 14:34:38,932 INFO  [org.jboss.resteasy.resteasy_jaxrs.i18n] (ServerService Thread Pool -- 61) RESTEASY002205: Adding provider class org.keycloak.services.filters.KeycloakSecurityHeadersFilter from Application class org.keycloak.services.resources.KeycloakApplication
2021-01-16 14:34:38,948 INFO  [org.jboss.resteasy.resteasy_jaxrs.i18n] (ServerService Thread Pool -- 61) RESTEASY002200: Adding class resource org.keycloak.services.resources.ThemeResource from Application class org.keycloak.services.resources.KeycloakApplication
2021-01-16 14:34:38,960 INFO  [org.jboss.resteasy.resteasy_jaxrs.i18n] (ServerService Thread Pool -- 61) RESTEASY002220: Adding singleton resource org.keycloak.services.resources.RobotsResource from Application class org.keycloak.services.resources.KeycloakApplication
2021-01-16 14:34:38,962 INFO  [org.jboss.resteasy.resteasy_jaxrs.i18n] (ServerService Thread Pool -- 61) RESTEASY002220: Adding singleton resource org.keycloak.services.resources.admin.AdminRoot from Application class org.keycloak.services.resources.KeycloakApplication
2021-01-16 14:34:38,964 INFO  [org.jboss.resteasy.resteasy_jaxrs.i18n] (ServerService Thread Pool -- 61) RESTEASY002210: Adding provider singleton org.keycloak.services.util.ObjectMapperResolver from Application class org.keycloak.services.resources.KeycloakApplication
2021-01-16 14:34:39,019 INFO  [org.jboss.resteasy.resteasy_jaxrs.i18n] (ServerService Thread Pool -- 61) RESTEASY002220: Adding singleton resource org.keycloak.services.resources.RealmsResource from Application class org.keycloak.services.resources.KeycloakApplication
2021-01-16 14:34:39,061 INFO  [org.jboss.resteasy.resteasy_jaxrs.i18n] (ServerService Thread Pool -- 61) RESTEASY002220: Adding singleton resource org.keycloak.services.resources.WelcomeResource from Application class org.keycloak.services.resources.KeycloakApplication
2021-01-16 14:34:40,296 INFO  [org.wildfly.extension.undertow] (ServerService Thread Pool -- 61) WFLYUT0021: Registered web context: '/auth' for server 'default-server'
2021-01-16 14:34:42,940 INFO  [org.jboss.as.server] (ServerService Thread Pool -- 33) WFLYSRV0010: Deployed "keycloak-user-store-1.0.0-SNAPSHOT.jar" (runtime-name : "keycloak-user-store-1.0.0-SNAPSHOT.jar")
2021-01-16 14:34:42,941 INFO  [org.jboss.as.server] (ServerService Thread Pool -- 43) WFLYSRV0010: Deployed "keycloak-server.war" (runtime-name : "keycloak-server.war")
2021-01-16 14:34:43,709 INFO  [org.jboss.as.server] (Controller Boot Thread) WFLYSRV0212: Resuming server
2021-01-16 14:34:43,731 INFO  [org.jboss.as] (Controller Boot Thread) WFLYSRV0025: Keycloak 12.0.1 (WildFly Core 13.0.3.Final) started in 114425ms - Started 633 of 912 services (588 services are lazy, passive or on-demand)
2021-01-16 14:34:43,800 INFO  [org.jboss.as] (Controller Boot Thread) WFLYSRV0060: Http management interface listening on http://127.0.0.1:9990/management
2021-01-16 14:34:43,858 INFO  [org.jboss.as] (Controller Boot Thread) WFLYSRV0051: Admin console listening on http://127.0.0.1:9990
2021-01-16 15:18:06,818 INFO  [org.jboss.as.connector.deployers.jdbc] (MSC service thread 1-2) WFLYJCA0019: Stopped Driver service with driver-name = keycloak-user-store-1.0.0-SNAPSHOT.jar
2021-01-16 15:18:06,864 INFO  [org.keycloak.subsystem.server.extension.KeycloakProviderDeploymentProcessor] (MSC service thread 1-3) Undeploying Keycloak provider: keycloak-user-store-1.0.0-SNAPSHOT.jar
2021-01-16 15:18:06,894 INFO  [org.jboss.as.server.deployment] (MSC service thread 1-6) WFLYSRV0028: Stopped deployment keycloak-user-store-1.0.0-SNAPSHOT.jar (runtime-name: keycloak-user-store-1.0.0-SNAPSHOT.jar) in 87ms
2021-01-16 15:18:07,339 INFO  [org.jboss.as.repository] (DeploymentScanner-threads - 2) WFLYDR0002: Content removed from location E:\keycloak-12.0.1\standalone\data\content\c3\2d2bec1859262a94c6aee81694b1f118b5ba17\content
2021-01-16 15:18:07,341 INFO  [org.jboss.as.server] (DeploymentScanner-threads - 2) WFLYSRV0009: Undeployed "keycloak-user-store-1.0.0-SNAPSHOT.jar" (runtime-name: "keycloak-user-store-1.0.0-SNAPSHOT.jar")
2021-01-16 15:20:16,131 INFO  [org.jboss.as.server] (Thread-1) WFLYSRV0272: Suspending server
2021-01-16 15:20:16,141 INFO  [org.jboss.as.ejb3] (Thread-1) WFLYEJB0493: EJB subsystem suspension complete
2021-01-16 15:20:16,169 INFO  [org.jboss.as.server] (Thread-1) WFLYSRV0220: Server shutdown has been requested via an OS signal
2021-01-16 15:20:16,200 INFO  [org.jboss.as.connector.subsystems.datasources] (MSC service thread 1-7) WFLYJCA0010: Unbound data source [java:jboss/datasources/KeycloakDS]
2021-01-16 15:20:16,219 INFO  [org.jboss.as.mail.extension] (MSC service thread 1-4) WFLYMAIL0002: Unbound mail session [java:jboss/mail/Default]
2021-01-16 15:20:16,225 INFO  [org.wildfly.extension.undertow] (MSC service thread 1-4) WFLYUT0008: Undertow HTTPS listener https suspending
2021-01-16 15:20:16,238 INFO  [org.wildfly.extension.undertow] (MSC service thread 1-4) WFLYUT0007: Undertow HTTPS listener https stopped, was bound to 127.0.0.1:8443
2021-01-16 15:20:16,241 INFO  [org.wildfly.extension.undertow] (ServerService Thread Pool -- 72) WFLYUT0022: Unregistered web context: '/auth' from server 'default-server'
2021-01-16 15:20:16,324 INFO  [org.jboss.as.connector.subsystems.datasources] (MSC service thread 1-2) WFLYJCA0010: Unbound data source [java:jboss/datasources/ExampleDS]
2021-01-16 15:20:16,347 INFO  [org.wildfly.extension.undertow] (MSC service thread 1-4) WFLYUT0008: Undertow HTTP listener default suspending
2021-01-16 15:20:16,351 INFO  [org.wildfly.extension.undertow] (MSC service thread 1-4) WFLYUT0007: Undertow HTTP listener default stopped, was bound to 127.0.0.1:8080
2021-01-16 15:20:16,367 INFO  [org.jboss.as.clustering.infinispan] (ServerService Thread Pool -- 73) WFLYCLINF0003: Stopped http-remoting-connector cache from ejb container
2021-01-16 15:20:16,361 INFO  [org.wildfly.extension.undertow] (MSC service thread 1-3) WFLYUT0019: Host default-host stopping
2021-01-16 15:20:16,410 INFO  [org.jboss.as.clustering.infinispan] (ServerService Thread Pool -- 24) WFLYCLINF0003: Stopped clientSessions cache from keycloak container
2021-01-16 15:20:16,412 INFO  [org.jboss.as.clustering.infinispan] (ServerService Thread Pool -- 72) WFLYCLINF0003: Stopped authorization cache from keycloak container
2021-01-16 15:20:16,421 INFO  [org.jboss.as.clustering.infinispan] (ServerService Thread Pool -- 76) WFLYCLINF0003: Stopped offlineClientSessions cache from keycloak container
2021-01-16 15:20:16,422 INFO  [org.jboss.as.clustering.infinispan] (ServerService Thread Pool -- 78) WFLYCLINF0003: Stopped users cache from keycloak container
2021-01-16 15:20:16,426 INFO  [org.jboss.as.clustering.infinispan] (ServerService Thread Pool -- 75) WFLYCLINF0003: Stopped keys cache from keycloak container
2021-01-16 15:20:16,425 INFO  [org.wildfly.extension.undertow] (MSC service thread 1-8) WFLYUT0004: Undertow 2.2.2.Final stopping
2021-01-16 15:20:16,429 INFO  [org.jboss.as.clustering.infinispan] (ServerService Thread Pool -- 77) WFLYCLINF0003: Stopped authenticationSessions cache from keycloak container
2021-01-16 15:20:16,427 INFO  [org.jboss.as.clustering.infinispan] (ServerService Thread Pool -- 81) WFLYCLINF0003: Stopped loginFailures cache from keycloak container
2021-01-16 15:20:16,431 INFO  [org.jboss.as.clustering.infinispan] (ServerService Thread Pool -- 80) WFLYCLINF0003: Stopped work cache from keycloak container
2021-01-16 15:20:16,432 INFO  [org.jboss.as.clustering.infinispan] (ServerService Thread Pool -- 82) WFLYCLINF0003: Stopped sessions cache from keycloak container
2021-01-16 15:20:16,441 INFO  [org.jboss.as.clustering.infinispan] (ServerService Thread Pool -- 79) WFLYCLINF0003: Stopped offlineSessions cache from keycloak container
2021-01-16 15:20:16,421 INFO  [org.infinispan.manager.DefaultCacheManager] (ServerService Thread Pool -- 73) Stopping cache manager null on null
2021-01-16 15:20:16,452 INFO  [org.jboss.as.clustering.infinispan] (ServerService Thread Pool -- 83) WFLYCLINF0003: Stopped actionTokens cache from keycloak container
2021-01-16 15:20:16,460 INFO  [org.jboss.as.server.deployment] (MSC service thread 1-7) WFLYSRV0028: Stopped deployment keycloak-server.war (runtime-name: keycloak-server.war) in 286ms
2021-01-16 15:20:16,493 INFO  [org.jboss.as.clustering.infinispan] (ServerService Thread Pool -- 74) WFLYCLINF0003: Stopped realms cache from keycloak container
2021-01-16 15:20:16,542 INFO  [org.jboss.as.connector.deployers.jdbc] (MSC service thread 1-8) WFLYJCA0019: Stopped Driver service with driver-name = h2
2021-01-16 15:20:16,561 INFO  [org.infinispan.manager.DefaultCacheManager] (ServerService Thread Pool -- 79) Stopping cache manager null on null
2021-01-16 15:20:16,587 INFO  [org.jboss.as] (MSC service thread 1-7) WFLYSRV0050: Keycloak 12.0.1 (WildFly Core 13.0.3.Final) stopped in 413ms
